09:45:44  INFO  manage.ApplicationManager - All tests start in ChromeDriver
09:45:44  INFO  manage.ApplicationManager - Test starts
09:45:53  INFO  tests.TestBase - Start test-->>boardCreation2
09:45:53  INFO  tests.TestBase - Test boradcreation 2TestQa322753
09:45:53  INFO  manage.MyListener - The element with locator---->By.cssSelector: ._1N9LJYg3C9x47Y
09:45:59  INFO  manage.MyListener - The element with locator---->By.cssSelector: ._1N9LJYg3C9x47Y<---- was found
09:45:59  INFO  manage.MyListener - The element with locator---->By.cssSelector: button[data-test-id='header-create-board-button']
09:45:59  INFO  manage.MyListener - The element with locator---->By.cssSelector: button[data-test-id='header-create-board-button']<---- was found
09:45:59  INFO  manage.MyListener - The element with locator---->By.cssSelector: [aria-label='BoardIcon']
09:46:00  INFO  manage.MyListener - The element with locator---->By.cssSelector: [aria-label='BoardIcon']<---- was found
09:46:00  INFO  manage.MyListener - The element with locator---->By.cssSelector: input[type='text']
09:46:10  INFO  manage.MyListener - We have a 'throwable' element---->no such element: Unable to locate element: {"method":"css selector","selector":"input[type='text']"}
  (Session info: chrome=101.0.4951.54)
For documentation on this error, please visit: https://www.seleniumhq.org/exceptions/no_such_element.html
Build info: version: '3.141.59', revision: 'e82be7d358', time: '2018-11-14T08:17:03'
System info: host: 'desktopirina', ip: '127.0.1.1', os.name: 'Linux', os.arch: 'amd64', os.version: '5.14.0-1034-oem', java.version: '11.0.15'
Driver info: org.openqa.selenium.chrome.ChromeDriver
Capabilities {acceptInsecureCerts: false, browserName: chrome, browserVersion: 101.0.4951.54, chrome: {chromedriverVersion: 101.0.4951.41 (93c720db8323..., userDataDir: /tmp/.com.google.Chrome.6tGpWB}, goog:chromeOptions: {debuggerAddress: localhost:36595}, javascriptEnabled: true, networkConnectionEnabled: false, pageLoadStrategy: normal, platform: LINUX, platformName: LINUX, proxy: Proxy(), setWindowRect: true, strictFileInteractability: false, timeouts: {implicit: 0, pageLoad: 300000, script: 30000}, unhandledPromptBehavior: dismiss and notify, webauthn:extension:credBlob: true, webauthn:extension:largeBlob: true, webauthn:virtualAuthenticators: true}
Session ID: fa8d08969a8fe21bd483ff2e3cc9cf51
*** Element info: {Using=css selector, value=input[type='text']}
09:46:10  INFO  manage.MyListener - org.openqa.selenium.NoSuchElementException: no such element: Unable to locate element: {"method":"css selector","selector":"input[type='text']"}
  (Session info: chrome=101.0.4951.54)
For documentation on this error, please visit: https://www.seleniumhq.org/exceptions/no_such_element.html
Build info: version: '3.141.59', revision: 'e82be7d358', time: '2018-11-14T08:17:03'
System info: host: 'desktopirina', ip: '127.0.1.1', os.name: 'Linux', os.arch: 'amd64', os.version: '5.14.0-1034-oem', java.version: '11.0.15'
Driver info: org.openqa.selenium.chrome.ChromeDriver
Capabilities {acceptInsecureCerts: false, browserName: chrome, browserVersion: 101.0.4951.54, chrome: {chromedriverVersion: 101.0.4951.41 (93c720db8323..., userDataDir: /tmp/.com.google.Chrome.6tGpWB}, goog:chromeOptions: {debuggerAddress: localhost:36595}, javascriptEnabled: true, networkConnectionEnabled: false, pageLoadStrategy: normal, platform: LINUX, platformName: LINUX, proxy: Proxy(), setWindowRect: true, strictFileInteractability: false, timeouts: {implicit: 0, pageLoad: 300000, script: 30000}, unhandledPromptBehavior: dismiss and notify, webauthn:extension:credBlob: true, webauthn:extension:largeBlob: true, webauthn:virtualAuthenticators: true}
Session ID: fa8d08969a8fe21bd483ff2e3cc9cf51
*** Element info: {Using=css selector, value=input[type='text']}
09:46:10  INFO  tests.TestBase - ******************************************************************
09:46:10  INFO  tests.TestBase - Start test-->>boardCreation3
09:46:10  INFO  manage.MyListener - The element with locator---->By.cssSelector: .boards-page-board-section-list-item
09:46:10  INFO  manage.MyListener - The element with locator---->By.cssSelector: .boards-page-board-section-list-item<---- was found
09:46:10  INFO  manage.MyListener - The element with locator---->By.xpath: //*[contains(@class,'icon-clock')]/../../..//li
09:46:20  INFO  manage.MyListener - The element with locator---->By.xpath: //*[contains(@class,'icon-clock')]/../../..//li<---- was found
09:46:20  INFO  tests.TestBase - Test boradcreation 3test1
09:46:20  INFO  manage.MyListener - The element with locator---->By.cssSelector: ._1N9LJYg3C9x47Y
09:46:20  INFO  manage.MyListener - The element with locator---->By.cssSelector: ._1N9LJYg3C9x47Y<---- was found
09:46:20  INFO  manage.MyListener - The element with locator---->By.cssSelector: button[data-test-id='header-create-board-button']
09:46:20  INFO  manage.MyListener - The element with locator---->By.cssSelector: button[data-test-id='header-create-board-button']<---- was found
09:46:21  INFO  manage.MyListener - The element with locator---->By.cssSelector: [aria-label='BoardIcon']
09:46:21  INFO  manage.MyListener - The element with locator---->By.cssSelector: [aria-label='BoardIcon']<---- was found
09:46:21  INFO  manage.MyListener - The element with locator---->By.cssSelector: [data-test-id = 'create-board-title-input']
09:46:31  INFO  manage.MyListener - We have a 'throwable' element---->no such element: Unable to locate element: {"method":"css selector","selector":"[data-test-id = 'create-board-title-input']"}
  (Session info: chrome=101.0.4951.54)
For documentation on this error, please visit: https://www.seleniumhq.org/exceptions/no_such_element.html
Build info: version: '3.141.59', revision: 'e82be7d358', time: '2018-11-14T08:17:03'
System info: host: 'desktopirina', ip: '127.0.1.1', os.name: 'Linux', os.arch: 'amd64', os.version: '5.14.0-1034-oem', java.version: '11.0.15'
Driver info: org.openqa.selenium.chrome.ChromeDriver
Capabilities {acceptInsecureCerts: false, browserName: chrome, browserVersion: 101.0.4951.54, chrome: {chromedriverVersion: 101.0.4951.41 (93c720db8323..., userDataDir: /tmp/.com.google.Chrome.6tGpWB}, goog:chromeOptions: {debuggerAddress: localhost:36595}, javascriptEnabled: true, networkConnectionEnabled: false, pageLoadStrategy: normal, platform: LINUX, platformName: LINUX, proxy: Proxy(), setWindowRect: true, strictFileInteractability: false, timeouts: {implicit: 0, pageLoad: 300000, script: 30000}, unhandledPromptBehavior: dismiss and notify, webauthn:extension:credBlob: true, webauthn:extension:largeBlob: true, webauthn:virtualAuthenticators: true}
Session ID: fa8d08969a8fe21bd483ff2e3cc9cf51
*** Element info: {Using=css selector, value=[data-test-id = 'create-board-title-input']}
09:46:31  INFO  manage.MyListener - org.openqa.selenium.NoSuchElementException: no such element: Unable to locate element: {"method":"css selector","selector":"[data-test-id = 'create-board-title-input']"}
  (Session info: chrome=101.0.4951.54)
For documentation on this error, please visit: https://www.seleniumhq.org/exceptions/no_such_element.html
Build info: version: '3.141.59', revision: 'e82be7d358', time: '2018-11-14T08:17:03'
System info: host: 'desktopirina', ip: '127.0.1.1', os.name: 'Linux', os.arch: 'amd64', os.version: '5.14.0-1034-oem', java.version: '11.0.15'
Driver info: org.openqa.selenium.chrome.ChromeDriver
Capabilities {acceptInsecureCerts: false, browserName: chrome, browserVersion: 101.0.4951.54, chrome: {chromedriverVersion: 101.0.4951.41 (93c720db8323..., userDataDir: /tmp/.com.google.Chrome.6tGpWB}, goog:chromeOptions: {debuggerAddress: localhost:36595}, javascriptEnabled: true, networkConnectionEnabled: false, pageLoadStrategy: normal, platform: LINUX, platformName: LINUX, proxy: Proxy(), setWindowRect: true, strictFileInteractability: false, timeouts: {implicit: 0, pageLoad: 300000, script: 30000}, unhandledPromptBehavior: dismiss and notify, webauthn:extension:credBlob: true, webauthn:extension:largeBlob: true, webauthn:virtualAuthenticators: true}
Session ID: fa8d08969a8fe21bd483ff2e3cc9cf51
*** Element info: {Using=css selector, value=[data-test-id = 'create-board-title-input']}
09:46:31  INFO  tests.TestBase - ******************************************************************
09:46:31  INFO  tests.TestBase - Start test-->>boardCreation3
09:46:31  INFO  manage.MyListener - The element with locator---->By.cssSelector: .boards-page-board-section-list-item
09:46:31  INFO  manage.MyListener - The element with locator---->By.cssSelector: .boards-page-board-section-list-item<---- was found
09:46:31  INFO  manage.MyListener - The element with locator---->By.xpath: //*[contains(@class,'icon-clock')]/../../..//li
09:46:41  INFO  manage.MyListener - The element with locator---->By.xpath: //*[contains(@class,'icon-clock')]/../../..//li<---- was found
09:46:41  INFO  tests.TestBase - Test boradcreation 3test2
09:46:41  INFO  manage.MyListener - The element with locator---->By.cssSelector: ._1N9LJYg3C9x47Y
09:46:41  INFO  manage.MyListener - The element with locator---->By.cssSelector: ._1N9LJYg3C9x47Y<---- was found
09:46:41  INFO  manage.MyListener - The element with locator---->By.cssSelector: button[data-test-id='header-create-board-button']
09:46:41  INFO  manage.MyListener - The element with locator---->By.cssSelector: button[data-test-id='header-create-board-button']<---- was found
09:46:42  INFO  manage.MyListener - The element with locator---->By.cssSelector: [aria-label='BoardIcon']
09:46:42  INFO  manage.MyListener - The element with locator---->By.cssSelector: [aria-label='BoardIcon']<---- was found
09:46:42  INFO  manage.MyListener - The element with locator---->By.cssSelector: [data-test-id = 'create-board-title-input']
09:46:52  INFO  manage.MyListener - We have a 'throwable' element---->no such element: Unable to locate element: {"method":"css selector","selector":"[data-test-id = 'create-board-title-input']"}
  (Session info: chrome=101.0.4951.54)
For documentation on this error, please visit: https://www.seleniumhq.org/exceptions/no_such_element.html
Build info: version: '3.141.59', revision: 'e82be7d358', time: '2018-11-14T08:17:03'
System info: host: 'desktopirina', ip: '127.0.1.1', os.name: 'Linux', os.arch: 'amd64', os.version: '5.14.0-1034-oem', java.version: '11.0.15'
Driver info: org.openqa.selenium.chrome.ChromeDriver
Capabilities {acceptInsecureCerts: false, browserName: chrome, browserVersion: 101.0.4951.54, chrome: {chromedriverVersion: 101.0.4951.41 (93c720db8323..., userDataDir: /tmp/.com.google.Chrome.6tGpWB}, goog:chromeOptions: {debuggerAddress: localhost:36595}, javascriptEnabled: true, networkConnectionEnabled: false, pageLoadStrategy: normal, platform: LINUX, platformName: LINUX, proxy: Proxy(), setWindowRect: true, strictFileInteractability: false, timeouts: {implicit: 0, pageLoad: 300000, script: 30000}, unhandledPromptBehavior: dismiss and notify, webauthn:extension:credBlob: true, webauthn:extension:largeBlob: true, webauthn:virtualAuthenticators: true}
Session ID: fa8d08969a8fe21bd483ff2e3cc9cf51
*** Element info: {Using=css selector, value=[data-test-id = 'create-board-title-input']}
09:46:52  INFO  manage.MyListener - org.openqa.selenium.NoSuchElementException: no such element: Unable to locate element: {"method":"css selector","selector":"[data-test-id = 'create-board-title-input']"}
  (Session info: chrome=101.0.4951.54)
For documentation on this error, please visit: https://www.seleniumhq.org/exceptions/no_such_element.html
Build info: version: '3.141.59', revision: 'e82be7d358', time: '2018-11-14T08:17:03'
System info: host: 'desktopirina', ip: '127.0.1.1', os.name: 'Linux', os.arch: 'amd64', os.version: '5.14.0-1034-oem', java.version: '11.0.15'
Driver info: org.openqa.selenium.chrome.ChromeDriver
Capabilities {acceptInsecureCerts: false, browserName: chrome, browserVersion: 101.0.4951.54, chrome: {chromedriverVersion: 101.0.4951.41 (93c720db8323..., userDataDir: /tmp/.com.google.Chrome.6tGpWB}, goog:chromeOptions: {debuggerAddress: localhost:36595}, javascriptEnabled: true, networkConnectionEnabled: false, pageLoadStrategy: normal, platform: LINUX, platformName: LINUX, proxy: Proxy(), setWindowRect: true, strictFileInteractability: false, timeouts: {implicit: 0, pageLoad: 300000, script: 30000}, unhandledPromptBehavior: dismiss and notify, webauthn:extension:credBlob: true, webauthn:extension:largeBlob: true, webauthn:virtualAuthenticators: true}
Session ID: fa8d08969a8fe21bd483ff2e3cc9cf51
*** Element info: {Using=css selector, value=[data-test-id = 'create-board-title-input']}
09:46:52  INFO  tests.TestBase - ******************************************************************
09:46:52  INFO  tests.TestBase - Start test-->>boardCreation3
09:46:52  INFO  manage.MyListener - The element with locator---->By.cssSelector: .boards-page-board-section-list-item
09:46:52  INFO  manage.MyListener - The element with locator---->By.cssSelector: .boards-page-board-section-list-item<---- was found
09:46:52  INFO  manage.MyListener - The element with locator---->By.xpath: //*[contains(@class,'icon-clock')]/../../..//li
09:47:02  INFO  manage.MyListener - The element with locator---->By.xpath: //*[contains(@class,'icon-clock')]/../../..//li<---- was found
09:47:02  INFO  tests.TestBase - Test boradcreation 3test3
09:47:02  INFO  manage.MyListener - The element with locator---->By.cssSelector: ._1N9LJYg3C9x47Y
09:47:02  INFO  manage.MyListener - The element with locator---->By.cssSelector: ._1N9LJYg3C9x47Y<---- was found
09:47:02  INFO  manage.MyListener - The element with locator---->By.cssSelector: button[data-test-id='header-create-board-button']
09:47:02  INFO  manage.MyListener - The element with locator---->By.cssSelector: button[data-test-id='header-create-board-button']<---- was found
09:47:03  INFO  manage.MyListener - The element with locator---->By.cssSelector: [aria-label='BoardIcon']
09:47:03  INFO  manage.MyListener - The element with locator---->By.cssSelector: [aria-label='BoardIcon']<---- was found
09:47:03  INFO  manage.MyListener - The element with locator---->By.cssSelector: [data-test-id = 'create-board-title-input']
09:47:13  INFO  manage.MyListener - We have a 'throwable' element---->no such element: Unable to locate element: {"method":"css selector","selector":"[data-test-id = 'create-board-title-input']"}
  (Session info: chrome=101.0.4951.54)
For documentation on this error, please visit: https://www.seleniumhq.org/exceptions/no_such_element.html
Build info: version: '3.141.59', revision: 'e82be7d358', time: '2018-11-14T08:17:03'
System info: host: 'desktopirina', ip: '127.0.1.1', os.name: 'Linux', os.arch: 'amd64', os.version: '5.14.0-1034-oem', java.version: '11.0.15'
Driver info: org.openqa.selenium.chrome.ChromeDriver
Capabilities {acceptInsecureCerts: false, browserName: chrome, browserVersion: 101.0.4951.54, chrome: {chromedriverVersion: 101.0.4951.41 (93c720db8323..., userDataDir: /tmp/.com.google.Chrome.6tGpWB}, goog:chromeOptions: {debuggerAddress: localhost:36595}, javascriptEnabled: true, networkConnectionEnabled: false, pageLoadStrategy: normal, platform: LINUX, platformName: LINUX, proxy: Proxy(), setWindowRect: true, strictFileInteractability: false, timeouts: {implicit: 0, pageLoad: 300000, script: 30000}, unhandledPromptBehavior: dismiss and notify, webauthn:extension:credBlob: true, webauthn:extension:largeBlob: true, webauthn:virtualAuthenticators: true}
Session ID: fa8d08969a8fe21bd483ff2e3cc9cf51
*** Element info: {Using=css selector, value=[data-test-id = 'create-board-title-input']}
09:47:13  INFO  manage.MyListener - org.openqa.selenium.NoSuchElementException: no such element: Unable to locate element: {"method":"css selector","selector":"[data-test-id = 'create-board-title-input']"}
  (Session info: chrome=101.0.4951.54)
For documentation on this error, please visit: https://www.seleniumhq.org/exceptions/no_such_element.html
Build info: version: '3.141.59', revision: 'e82be7d358', time: '2018-11-14T08:17:03'
System info: host: 'desktopirina', ip: '127.0.1.1', os.name: 'Linux', os.arch: 'amd64', os.version: '5.14.0-1034-oem', java.version: '11.0.15'
Driver info: org.openqa.selenium.chrome.ChromeDriver
Capabilities {acceptInsecureCerts: false, browserName: chrome, browserVersion: 101.0.4951.54, chrome: {chromedriverVersion: 101.0.4951.41 (93c720db8323..., userDataDir: /tmp/.com.google.Chrome.6tGpWB}, goog:chromeOptions: {debuggerAddress: localhost:36595}, javascriptEnabled: true, networkConnectionEnabled: false, pageLoadStrategy: normal, platform: LINUX, platformName: LINUX, proxy: Proxy(), setWindowRect: true, strictFileInteractability: false, timeouts: {implicit: 0, pageLoad: 300000, script: 30000}, unhandledPromptBehavior: dismiss and notify, webauthn:extension:credBlob: true, webauthn:extension:largeBlob: true, webauthn:virtualAuthenticators: true}
Session ID: fa8d08969a8fe21bd483ff2e3cc9cf51
*** Element info: {Using=css selector, value=[data-test-id = 'create-board-title-input']}
09:47:13  INFO  tests.TestBase - ******************************************************************
09:47:13  INFO  tests.TestBase - Start test-->>boardCreation4
09:47:13  INFO  manage.MyListener - The element with locator---->By.cssSelector: .boards-page-board-section-list-item
09:47:13  INFO  manage.MyListener - The element with locator---->By.cssSelector: .boards-page-board-section-list-item<---- was found
09:47:13  INFO  manage.MyListener - The element with locator---->By.xpath: //*[contains(@class,'icon-clock')]/../../..//li
09:47:23  INFO  manage.MyListener - The element with locator---->By.xpath: //*[contains(@class,'icon-clock')]/../../..//li<---- was found
09:47:23  INFO  tests.TestBase - Test boardcreation 4testQA32
09:47:23  INFO  manage.MyListener - The element with locator---->By.cssSelector: ._1N9LJYg3C9x47Y
09:47:23  INFO  manage.MyListener - The element with locator---->By.cssSelector: ._1N9LJYg3C9x47Y<---- was found
09:47:23  INFO  manage.MyListener - The element with locator---->By.cssSelector: button[data-test-id='header-create-board-button']
09:47:23  INFO  manage.MyListener - The element with locator---->By.cssSelector: button[data-test-id='header-create-board-button']<---- was found
09:47:24  INFO  manage.MyListener - The element with locator---->By.cssSelector: [aria-label='BoardIcon']
09:47:24  INFO  manage.MyListener - The element with locator---->By.cssSelector: [aria-label='BoardIcon']<---- was found
09:47:24  INFO  manage.MyListener - The element with locator---->By.cssSelector: input[type='text']
09:47:34  INFO  manage.MyListener - We have a 'throwable' element---->no such element: Unable to locate element: {"method":"css selector","selector":"input[type='text']"}
  (Session info: chrome=101.0.4951.54)
For documentation on this error, please visit: https://www.seleniumhq.org/exceptions/no_such_element.html
Build info: version: '3.141.59', revision: 'e82be7d358', time: '2018-11-14T08:17:03'
System info: host: 'desktopirina', ip: '127.0.1.1', os.name: 'Linux', os.arch: 'amd64', os.version: '5.14.0-1034-oem', java.version: '11.0.15'
Driver info: org.openqa.selenium.chrome.ChromeDriver
Capabilities {acceptInsecureCerts: false, browserName: chrome, browserVersion: 101.0.4951.54, chrome: {chromedriverVersion: 101.0.4951.41 (93c720db8323..., userDataDir: /tmp/.com.google.Chrome.6tGpWB}, goog:chromeOptions: {debuggerAddress: localhost:36595}, javascriptEnabled: true, networkConnectionEnabled: false, pageLoadStrategy: normal, platform: LINUX, platformName: LINUX, proxy: Proxy(), setWindowRect: true, strictFileInteractability: false, timeouts: {implicit: 0, pageLoad: 300000, script: 30000}, unhandledPromptBehavior: dismiss and notify, webauthn:extension:credBlob: true, webauthn:extension:largeBlob: true, webauthn:virtualAuthenticators: true}
Session ID: fa8d08969a8fe21bd483ff2e3cc9cf51
*** Element info: {Using=css selector, value=input[type='text']}
09:47:34  INFO  manage.MyListener - org.openqa.selenium.NoSuchElementException: no such element: Unable to locate element: {"method":"css selector","selector":"input[type='text']"}
  (Session info: chrome=101.0.4951.54)
For documentation on this error, please visit: https://www.seleniumhq.org/exceptions/no_such_element.html
Build info: version: '3.141.59', revision: 'e82be7d358', time: '2018-11-14T08:17:03'
System info: host: 'desktopirina', ip: '127.0.1.1', os.name: 'Linux', os.arch: 'amd64', os.version: '5.14.0-1034-oem', java.version: '11.0.15'
Driver info: org.openqa.selenium.chrome.ChromeDriver
Capabilities {acceptInsecureCerts: false, browserName: chrome, browserVersion: 101.0.4951.54, chrome: {chromedriverVersion: 101.0.4951.41 (93c720db8323..., userDataDir: /tmp/.com.google.Chrome.6tGpWB}, goog:chromeOptions: {debuggerAddress: localhost:36595}, javascriptEnabled: true, networkConnectionEnabled: false, pageLoadStrategy: normal, platform: LINUX, platformName: LINUX, proxy: Proxy(), setWindowRect: true, strictFileInteractability: false, timeouts: {implicit: 0, pageLoad: 300000, script: 30000}, unhandledPromptBehavior: dismiss and notify, webauthn:extension:credBlob: true, webauthn:extension:largeBlob: true, webauthn:virtualAuthenticators: true}
Session ID: fa8d08969a8fe21bd483ff2e3cc9cf51
*** Element info: {Using=css selector, value=input[type='text']}
09:47:34  INFO  tests.TestBase - ******************************************************************
09:47:34  INFO  tests.TestBase - Start test-->>boardCreation5
09:47:34  INFO  manage.MyListener - The element with locator---->By.cssSelector: .boards-page-board-section-list-item
09:47:34  INFO  manage.MyListener - The element with locator---->By.cssSelector: .boards-page-board-section-list-item<---- was found
09:47:34  INFO  manage.MyListener - The element with locator---->By.xpath: //*[contains(@class,'icon-clock')]/../../..//li
09:47:44  INFO  manage.MyListener - The element with locator---->By.xpath: //*[contains(@class,'icon-clock')]/../../..//li<---- was found
09:47:44  INFO  tests.TestBase - Test boardcreation 5testQA32
09:47:44  INFO  manage.MyListener - The element with locator---->By.cssSelector: ._1N9LJYg3C9x47Y
09:47:44  INFO  manage.MyListener - The element with locator---->By.cssSelector: ._1N9LJYg3C9x47Y<---- was found
09:47:45  INFO  manage.MyListener - The element with locator---->By.cssSelector: button[data-test-id='header-create-board-button']
09:47:45  INFO  manage.MyListener - The element with locator---->By.cssSelector: button[data-test-id='header-create-board-button']<---- was found
09:47:45  INFO  manage.MyListener - The element with locator---->By.cssSelector: [aria-label='BoardIcon']
09:47:45  INFO  manage.MyListener - The element with locator---->By.cssSelector: [aria-label='BoardIcon']<---- was found
09:47:45  INFO  manage.MyListener - The element with locator---->By.cssSelector: input[type='text']
09:47:55  INFO  manage.MyListener - We have a 'throwable' element---->no such element: Unable to locate element: {"method":"css selector","selector":"input[type='text']"}
  (Session info: chrome=101.0.4951.54)
For documentation on this error, please visit: https://www.seleniumhq.org/exceptions/no_such_element.html
Build info: version: '3.141.59', revision: 'e82be7d358', time: '2018-11-14T08:17:03'
System info: host: 'desktopirina', ip: '127.0.1.1', os.name: 'Linux', os.arch: 'amd64', os.version: '5.14.0-1034-oem', java.version: '11.0.15'
Driver info: org.openqa.selenium.chrome.ChromeDriver
Capabilities {acceptInsecureCerts: false, browserName: chrome, browserVersion: 101.0.4951.54, chrome: {chromedriverVersion: 101.0.4951.41 (93c720db8323..., userDataDir: /tmp/.com.google.Chrome.6tGpWB}, goog:chromeOptions: {debuggerAddress: localhost:36595}, javascriptEnabled: true, networkConnectionEnabled: false, pageLoadStrategy: normal, platform: LINUX, platformName: LINUX, proxy: Proxy(), setWindowRect: true, strictFileInteractability: false, timeouts: {implicit: 0, pageLoad: 300000, script: 30000}, unhandledPromptBehavior: dismiss and notify, webauthn:extension:credBlob: true, webauthn:extension:largeBlob: true, webauthn:virtualAuthenticators: true}
Session ID: fa8d08969a8fe21bd483ff2e3cc9cf51
*** Element info: {Using=css selector, value=input[type='text']}
09:47:55  INFO  manage.MyListener - org.openqa.selenium.NoSuchElementException: no such element: Unable to locate element: {"method":"css selector","selector":"input[type='text']"}
  (Session info: chrome=101.0.4951.54)
For documentation on this error, please visit: https://www.seleniumhq.org/exceptions/no_such_element.html
Build info: version: '3.141.59', revision: 'e82be7d358', time: '2018-11-14T08:17:03'
System info: host: 'desktopirina', ip: '127.0.1.1', os.name: 'Linux', os.arch: 'amd64', os.version: '5.14.0-1034-oem', java.version: '11.0.15'
Driver info: org.openqa.selenium.chrome.ChromeDriver
Capabilities {acceptInsecureCerts: false, browserName: chrome, browserVersion: 101.0.4951.54, chrome: {chromedriverVersion: 101.0.4951.41 (93c720db8323..., userDataDir: /tmp/.com.google.Chrome.6tGpWB}, goog:chromeOptions: {debuggerAddress: localhost:36595}, javascriptEnabled: true, networkConnectionEnabled: false, pageLoadStrategy: normal, platform: LINUX, platformName: LINUX, proxy: Proxy(), setWindowRect: true, strictFileInteractability: false, timeouts: {implicit: 0, pageLoad: 300000, script: 30000}, unhandledPromptBehavior: dismiss and notify, webauthn:extension:credBlob: true, webauthn:extension:largeBlob: true, webauthn:virtualAuthenticators: true}
Session ID: fa8d08969a8fe21bd483ff2e3cc9cf51
*** Element info: {Using=css selector, value=input[type='text']}
09:47:56  INFO  tests.TestBase - ******************************************************************
