09:49:31  INFO  manage.ApplicationManager - All tests start in ChromeDriver
09:49:31  INFO  manage.ApplicationManager - Test starts
09:49:41  INFO  tests.TestBase - Start test-->>boardCreation2
09:49:41  INFO  tests.TestBase - Test boradcreation 2TestQa322981
09:49:41  INFO  manage.MyListener - The element with locator---->By.cssSelector: [data-test-id='header-create-menu-button']
09:49:46  INFO  manage.MyListener - The element with locator---->By.cssSelector: [data-test-id='header-create-menu-button']<---- was found
09:49:47  INFO  manage.MyListener - The element with locator---->By.cssSelector: [aria-label='BoardIcon']
09:49:47  INFO  manage.MyListener - The element with locator---->By.cssSelector: [aria-label='BoardIcon']<---- was found
09:49:47  INFO  manage.MyListener - The element with locator---->By.cssSelector: input[type='text']
09:49:57  INFO  manage.MyListener - We have a 'throwable' element---->no such element: Unable to locate element: {"method":"css selector","selector":"input[type='text']"}
  (Session info: chrome=101.0.4951.54)
For documentation on this error, please visit: https://www.seleniumhq.org/exceptions/no_such_element.html
Build info: version: '3.141.59', revision: 'e82be7d358', time: '2018-11-14T08:17:03'
System info: host: 'desktopirina', ip: '127.0.1.1', os.name: 'Linux', os.arch: 'amd64', os.version: '5.14.0-1034-oem', java.version: '11.0.15'
Driver info: org.openqa.selenium.chrome.ChromeDriver
Capabilities {acceptInsecureCerts: false, browserName: chrome, browserVersion: 101.0.4951.54, chrome: {chromedriverVersion: 101.0.4951.41 (93c720db8323..., userDataDir: /tmp/.com.google.Chrome.GNGG3G}, goog:chromeOptions: {debuggerAddress: localhost:33229}, javascriptEnabled: true, networkConnectionEnabled: false, pageLoadStrategy: normal, platform: LINUX, platformName: LINUX, proxy: Proxy(), setWindowRect: true, strictFileInteractability: false, timeouts: {implicit: 0, pageLoad: 300000, script: 30000}, unhandledPromptBehavior: dismiss and notify, webauthn:extension:credBlob: true, webauthn:extension:largeBlob: true, webauthn:virtualAuthenticators: true}
Session ID: 99e3991ef114ed62129e6d81eea29b28
*** Element info: {Using=css selector, value=input[type='text']}
09:49:57  INFO  manage.MyListener - org.openqa.selenium.NoSuchElementException: no such element: Unable to locate element: {"method":"css selector","selector":"input[type='text']"}
  (Session info: chrome=101.0.4951.54)
For documentation on this error, please visit: https://www.seleniumhq.org/exceptions/no_such_element.html
Build info: version: '3.141.59', revision: 'e82be7d358', time: '2018-11-14T08:17:03'
System info: host: 'desktopirina', ip: '127.0.1.1', os.name: 'Linux', os.arch: 'amd64', os.version: '5.14.0-1034-oem', java.version: '11.0.15'
Driver info: org.openqa.selenium.chrome.ChromeDriver
Capabilities {acceptInsecureCerts: false, browserName: chrome, browserVersion: 101.0.4951.54, chrome: {chromedriverVersion: 101.0.4951.41 (93c720db8323..., userDataDir: /tmp/.com.google.Chrome.GNGG3G}, goog:chromeOptions: {debuggerAddress: localhost:33229}, javascriptEnabled: true, networkConnectionEnabled: false, pageLoadStrategy: normal, platform: LINUX, platformName: LINUX, proxy: Proxy(), setWindowRect: true, strictFileInteractability: false, timeouts: {implicit: 0, pageLoad: 300000, script: 30000}, unhandledPromptBehavior: dismiss and notify, webauthn:extension:credBlob: true, webauthn:extension:largeBlob: true, webauthn:virtualAuthenticators: true}
Session ID: 99e3991ef114ed62129e6d81eea29b28
*** Element info: {Using=css selector, value=input[type='text']}
09:49:57  INFO  tests.TestBase - ******************************************************************
09:49:57  INFO  tests.TestBase - Start test-->>boardCreation3
09:49:57  INFO  manage.MyListener - The element with locator---->By.cssSelector: .boards-page-board-section-list-item
09:49:57  INFO  manage.MyListener - The element with locator---->By.cssSelector: .boards-page-board-section-list-item<---- was found
09:49:57  INFO  manage.MyListener - The element with locator---->By.xpath: //*[contains(@class,'icon-clock')]/../../..//li
09:50:07  INFO  manage.MyListener - The element with locator---->By.xpath: //*[contains(@class,'icon-clock')]/../../..//li<---- was found
09:50:07  INFO  tests.TestBase - Test boradcreation 3test1
09:50:07  INFO  manage.MyListener - The element with locator---->By.cssSelector: [data-test-id='header-create-menu-button']
09:50:07  INFO  manage.MyListener - The element with locator---->By.cssSelector: [data-test-id='header-create-menu-button']<---- was found
09:50:08  INFO  manage.MyListener - The element with locator---->By.cssSelector: [aria-label='BoardIcon']
09:50:08  INFO  manage.MyListener - The element with locator---->By.cssSelector: [aria-label='BoardIcon']<---- was found
09:50:08  INFO  manage.MyListener - The element with locator---->By.cssSelector: [data-test-id = 'create-board-title-input']
09:50:18  INFO  manage.MyListener - We have a 'throwable' element---->no such element: Unable to locate element: {"method":"css selector","selector":"[data-test-id = 'create-board-title-input']"}
  (Session info: chrome=101.0.4951.54)
For documentation on this error, please visit: https://www.seleniumhq.org/exceptions/no_such_element.html
Build info: version: '3.141.59', revision: 'e82be7d358', time: '2018-11-14T08:17:03'
System info: host: 'desktopirina', ip: '127.0.1.1', os.name: 'Linux', os.arch: 'amd64', os.version: '5.14.0-1034-oem', java.version: '11.0.15'
Driver info: org.openqa.selenium.chrome.ChromeDriver
Capabilities {acceptInsecureCerts: false, browserName: chrome, browserVersion: 101.0.4951.54, chrome: {chromedriverVersion: 101.0.4951.41 (93c720db8323..., userDataDir: /tmp/.com.google.Chrome.GNGG3G}, goog:chromeOptions: {debuggerAddress: localhost:33229}, javascriptEnabled: true, networkConnectionEnabled: false, pageLoadStrategy: normal, platform: LINUX, platformName: LINUX, proxy: Proxy(), setWindowRect: true, strictFileInteractability: false, timeouts: {implicit: 0, pageLoad: 300000, script: 30000}, unhandledPromptBehavior: dismiss and notify, webauthn:extension:credBlob: true, webauthn:extension:largeBlob: true, webauthn:virtualAuthenticators: true}
Session ID: 99e3991ef114ed62129e6d81eea29b28
*** Element info: {Using=css selector, value=[data-test-id = 'create-board-title-input']}
09:50:18  INFO  manage.MyListener - org.openqa.selenium.NoSuchElementException: no such element: Unable to locate element: {"method":"css selector","selector":"[data-test-id = 'create-board-title-input']"}
  (Session info: chrome=101.0.4951.54)
For documentation on this error, please visit: https://www.seleniumhq.org/exceptions/no_such_element.html
Build info: version: '3.141.59', revision: 'e82be7d358', time: '2018-11-14T08:17:03'
System info: host: 'desktopirina', ip: '127.0.1.1', os.name: 'Linux', os.arch: 'amd64', os.version: '5.14.0-1034-oem', java.version: '11.0.15'
Driver info: org.openqa.selenium.chrome.ChromeDriver
Capabilities {acceptInsecureCerts: false, browserName: chrome, browserVersion: 101.0.4951.54, chrome: {chromedriverVersion: 101.0.4951.41 (93c720db8323..., userDataDir: /tmp/.com.google.Chrome.GNGG3G}, goog:chromeOptions: {debuggerAddress: localhost:33229}, javascriptEnabled: true, networkConnectionEnabled: false, pageLoadStrategy: normal, platform: LINUX, platformName: LINUX, proxy: Proxy(), setWindowRect: true, strictFileInteractability: false, timeouts: {implicit: 0, pageLoad: 300000, script: 30000}, unhandledPromptBehavior: dismiss and notify, webauthn:extension:credBlob: true, webauthn:extension:largeBlob: true, webauthn:virtualAuthenticators: true}
Session ID: 99e3991ef114ed62129e6d81eea29b28
*** Element info: {Using=css selector, value=[data-test-id = 'create-board-title-input']}
09:50:18  INFO  tests.TestBase - ******************************************************************
09:50:18  INFO  tests.TestBase - Start test-->>boardCreation3
09:50:18  INFO  manage.MyListener - The element with locator---->By.cssSelector: .boards-page-board-section-list-item
09:50:18  INFO  manage.MyListener - The element with locator---->By.cssSelector: .boards-page-board-section-list-item<---- was found
09:50:18  INFO  manage.MyListener - The element with locator---->By.xpath: //*[contains(@class,'icon-clock')]/../../..//li
09:50:28  INFO  manage.MyListener - The element with locator---->By.xpath: //*[contains(@class,'icon-clock')]/../../..//li<---- was found
09:50:28  INFO  tests.TestBase - Test boradcreation 3test2
09:50:28  INFO  manage.MyListener - The element with locator---->By.cssSelector: [data-test-id='header-create-menu-button']
09:50:28  INFO  manage.MyListener - The element with locator---->By.cssSelector: [data-test-id='header-create-menu-button']<---- was found
09:50:29  INFO  manage.MyListener - The element with locator---->By.cssSelector: [aria-label='BoardIcon']
09:50:29  INFO  manage.MyListener - The element with locator---->By.cssSelector: [aria-label='BoardIcon']<---- was found
09:50:29  INFO  manage.MyListener - The element with locator---->By.cssSelector: [data-test-id = 'create-board-title-input']
09:50:39  INFO  manage.MyListener - We have a 'throwable' element---->no such element: Unable to locate element: {"method":"css selector","selector":"[data-test-id = 'create-board-title-input']"}
  (Session info: chrome=101.0.4951.54)
For documentation on this error, please visit: https://www.seleniumhq.org/exceptions/no_such_element.html
Build info: version: '3.141.59', revision: 'e82be7d358', time: '2018-11-14T08:17:03'
System info: host: 'desktopirina', ip: '127.0.1.1', os.name: 'Linux', os.arch: 'amd64', os.version: '5.14.0-1034-oem', java.version: '11.0.15'
Driver info: org.openqa.selenium.chrome.ChromeDriver
Capabilities {acceptInsecureCerts: false, browserName: chrome, browserVersion: 101.0.4951.54, chrome: {chromedriverVersion: 101.0.4951.41 (93c720db8323..., userDataDir: /tmp/.com.google.Chrome.GNGG3G}, goog:chromeOptions: {debuggerAddress: localhost:33229}, javascriptEnabled: true, networkConnectionEnabled: false, pageLoadStrategy: normal, platform: LINUX, platformName: LINUX, proxy: Proxy(), setWindowRect: true, strictFileInteractability: false, timeouts: {implicit: 0, pageLoad: 300000, script: 30000}, unhandledPromptBehavior: dismiss and notify, webauthn:extension:credBlob: true, webauthn:extension:largeBlob: true, webauthn:virtualAuthenticators: true}
Session ID: 99e3991ef114ed62129e6d81eea29b28
*** Element info: {Using=css selector, value=[data-test-id = 'create-board-title-input']}
09:50:39  INFO  manage.MyListener - org.openqa.selenium.NoSuchElementException: no such element: Unable to locate element: {"method":"css selector","selector":"[data-test-id = 'create-board-title-input']"}
  (Session info: chrome=101.0.4951.54)
For documentation on this error, please visit: https://www.seleniumhq.org/exceptions/no_such_element.html
Build info: version: '3.141.59', revision: 'e82be7d358', time: '2018-11-14T08:17:03'
System info: host: 'desktopirina', ip: '127.0.1.1', os.name: 'Linux', os.arch: 'amd64', os.version: '5.14.0-1034-oem', java.version: '11.0.15'
Driver info: org.openqa.selenium.chrome.ChromeDriver
Capabilities {acceptInsecureCerts: false, browserName: chrome, browserVersion: 101.0.4951.54, chrome: {chromedriverVersion: 101.0.4951.41 (93c720db8323..., userDataDir: /tmp/.com.google.Chrome.GNGG3G}, goog:chromeOptions: {debuggerAddress: localhost:33229}, javascriptEnabled: true, networkConnectionEnabled: false, pageLoadStrategy: normal, platform: LINUX, platformName: LINUX, proxy: Proxy(), setWindowRect: true, strictFileInteractability: false, timeouts: {implicit: 0, pageLoad: 300000, script: 30000}, unhandledPromptBehavior: dismiss and notify, webauthn:extension:credBlob: true, webauthn:extension:largeBlob: true, webauthn:virtualAuthenticators: true}
Session ID: 99e3991ef114ed62129e6d81eea29b28
*** Element info: {Using=css selector, value=[data-test-id = 'create-board-title-input']}
09:50:39  INFO  tests.TestBase - ******************************************************************
09:50:39  INFO  tests.TestBase - Start test-->>boardCreation3
09:50:39  INFO  manage.MyListener - The element with locator---->By.cssSelector: .boards-page-board-section-list-item
09:50:39  INFO  manage.MyListener - The element with locator---->By.cssSelector: .boards-page-board-section-list-item<---- was found
09:50:39  INFO  manage.MyListener - The element with locator---->By.xpath: //*[contains(@class,'icon-clock')]/../../..//li
09:50:49  INFO  manage.MyListener - The element with locator---->By.xpath: //*[contains(@class,'icon-clock')]/../../..//li<---- was found
09:50:49  INFO  tests.TestBase - Test boradcreation 3test3
09:50:49  INFO  manage.MyListener - The element with locator---->By.cssSelector: [data-test-id='header-create-menu-button']
09:50:50  INFO  manage.MyListener - The element with locator---->By.cssSelector: [data-test-id='header-create-menu-button']<---- was found
09:50:50  INFO  manage.MyListener - The element with locator---->By.cssSelector: [aria-label='BoardIcon']
09:50:50  INFO  manage.MyListener - The element with locator---->By.cssSelector: [aria-label='BoardIcon']<---- was found
09:50:50  INFO  manage.MyListener - The element with locator---->By.cssSelector: [data-test-id = 'create-board-title-input']
09:51:00  INFO  manage.MyListener - We have a 'throwable' element---->no such element: Unable to locate element: {"method":"css selector","selector":"[data-test-id = 'create-board-title-input']"}
  (Session info: chrome=101.0.4951.54)
For documentation on this error, please visit: https://www.seleniumhq.org/exceptions/no_such_element.html
Build info: version: '3.141.59', revision: 'e82be7d358', time: '2018-11-14T08:17:03'
System info: host: 'desktopirina', ip: '127.0.1.1', os.name: 'Linux', os.arch: 'amd64', os.version: '5.14.0-1034-oem', java.version: '11.0.15'
Driver info: org.openqa.selenium.chrome.ChromeDriver
Capabilities {acceptInsecureCerts: false, browserName: chrome, browserVersion: 101.0.4951.54, chrome: {chromedriverVersion: 101.0.4951.41 (93c720db8323..., userDataDir: /tmp/.com.google.Chrome.GNGG3G}, goog:chromeOptions: {debuggerAddress: localhost:33229}, javascriptEnabled: true, networkConnectionEnabled: false, pageLoadStrategy: normal, platform: LINUX, platformName: LINUX, proxy: Proxy(), setWindowRect: true, strictFileInteractability: false, timeouts: {implicit: 0, pageLoad: 300000, script: 30000}, unhandledPromptBehavior: dismiss and notify, webauthn:extension:credBlob: true, webauthn:extension:largeBlob: true, webauthn:virtualAuthenticators: true}
Session ID: 99e3991ef114ed62129e6d81eea29b28
*** Element info: {Using=css selector, value=[data-test-id = 'create-board-title-input']}
09:51:00  INFO  manage.MyListener - org.openqa.selenium.NoSuchElementException: no such element: Unable to locate element: {"method":"css selector","selector":"[data-test-id = 'create-board-title-input']"}
  (Session info: chrome=101.0.4951.54)
For documentation on this error, please visit: https://www.seleniumhq.org/exceptions/no_such_element.html
Build info: version: '3.141.59', revision: 'e82be7d358', time: '2018-11-14T08:17:03'
System info: host: 'desktopirina', ip: '127.0.1.1', os.name: 'Linux', os.arch: 'amd64', os.version: '5.14.0-1034-oem', java.version: '11.0.15'
Driver info: org.openqa.selenium.chrome.ChromeDriver
Capabilities {acceptInsecureCerts: false, browserName: chrome, browserVersion: 101.0.4951.54, chrome: {chromedriverVersion: 101.0.4951.41 (93c720db8323..., userDataDir: /tmp/.com.google.Chrome.GNGG3G}, goog:chromeOptions: {debuggerAddress: localhost:33229}, javascriptEnabled: true, networkConnectionEnabled: false, pageLoadStrategy: normal, platform: LINUX, platformName: LINUX, proxy: Proxy(), setWindowRect: true, strictFileInteractability: false, timeouts: {implicit: 0, pageLoad: 300000, script: 30000}, unhandledPromptBehavior: dismiss and notify, webauthn:extension:credBlob: true, webauthn:extension:largeBlob: true, webauthn:virtualAuthenticators: true}
Session ID: 99e3991ef114ed62129e6d81eea29b28
*** Element info: {Using=css selector, value=[data-test-id = 'create-board-title-input']}
09:51:00  INFO  tests.TestBase - ******************************************************************
09:51:00  INFO  tests.TestBase - Start test-->>boardCreation4
09:51:00  INFO  manage.MyListener - The element with locator---->By.cssSelector: .boards-page-board-section-list-item
09:51:01  INFO  manage.MyListener - The element with locator---->By.cssSelector: .boards-page-board-section-list-item<---- was found
09:51:01  INFO  manage.MyListener - The element with locator---->By.xpath: //*[contains(@class,'icon-clock')]/../../..//li
09:51:11  INFO  manage.MyListener - The element with locator---->By.xpath: //*[contains(@class,'icon-clock')]/../../..//li<---- was found
09:51:11  INFO  tests.TestBase - Test boardcreation 4testQA32
09:51:11  INFO  manage.MyListener - The element with locator---->By.cssSelector: [data-test-id='header-create-menu-button']
09:51:11  INFO  manage.MyListener - The element with locator---->By.cssSelector: [data-test-id='header-create-menu-button']<---- was found
09:51:11  INFO  manage.MyListener - The element with locator---->By.cssSelector: [aria-label='BoardIcon']
09:51:11  INFO  manage.MyListener - The element with locator---->By.cssSelector: [aria-label='BoardIcon']<---- was found
09:51:11  INFO  manage.MyListener - The element with locator---->By.cssSelector: input[type='text']
09:51:21  INFO  manage.MyListener - We have a 'throwable' element---->no such element: Unable to locate element: {"method":"css selector","selector":"input[type='text']"}
  (Session info: chrome=101.0.4951.54)
For documentation on this error, please visit: https://www.seleniumhq.org/exceptions/no_such_element.html
Build info: version: '3.141.59', revision: 'e82be7d358', time: '2018-11-14T08:17:03'
System info: host: 'desktopirina', ip: '127.0.1.1', os.name: 'Linux', os.arch: 'amd64', os.version: '5.14.0-1034-oem', java.version: '11.0.15'
Driver info: org.openqa.selenium.chrome.ChromeDriver
Capabilities {acceptInsecureCerts: false, browserName: chrome, browserVersion: 101.0.4951.54, chrome: {chromedriverVersion: 101.0.4951.41 (93c720db8323..., userDataDir: /tmp/.com.google.Chrome.GNGG3G}, goog:chromeOptions: {debuggerAddress: localhost:33229}, javascriptEnabled: true, networkConnectionEnabled: false, pageLoadStrategy: normal, platform: LINUX, platformName: LINUX, proxy: Proxy(), setWindowRect: true, strictFileInteractability: false, timeouts: {implicit: 0, pageLoad: 300000, script: 30000}, unhandledPromptBehavior: dismiss and notify, webauthn:extension:credBlob: true, webauthn:extension:largeBlob: true, webauthn:virtualAuthenticators: true}
Session ID: 99e3991ef114ed62129e6d81eea29b28
*** Element info: {Using=css selector, value=input[type='text']}
09:51:21  INFO  manage.MyListener - org.openqa.selenium.NoSuchElementException: no such element: Unable to locate element: {"method":"css selector","selector":"input[type='text']"}
  (Session info: chrome=101.0.4951.54)
For documentation on this error, please visit: https://www.seleniumhq.org/exceptions/no_such_element.html
Build info: version: '3.141.59', revision: 'e82be7d358', time: '2018-11-14T08:17:03'
System info: host: 'desktopirina', ip: '127.0.1.1', os.name: 'Linux', os.arch: 'amd64', os.version: '5.14.0-1034-oem', java.version: '11.0.15'
Driver info: org.openqa.selenium.chrome.ChromeDriver
Capabilities {acceptInsecureCerts: false, browserName: chrome, browserVersion: 101.0.4951.54, chrome: {chromedriverVersion: 101.0.4951.41 (93c720db8323..., userDataDir: /tmp/.com.google.Chrome.GNGG3G}, goog:chromeOptions: {debuggerAddress: localhost:33229}, javascriptEnabled: true, networkConnectionEnabled: false, pageLoadStrategy: normal, platform: LINUX, platformName: LINUX, proxy: Proxy(), setWindowRect: true, strictFileInteractability: false, timeouts: {implicit: 0, pageLoad: 300000, script: 30000}, unhandledPromptBehavior: dismiss and notify, webauthn:extension:credBlob: true, webauthn:extension:largeBlob: true, webauthn:virtualAuthenticators: true}
Session ID: 99e3991ef114ed62129e6d81eea29b28
*** Element info: {Using=css selector, value=input[type='text']}
09:51:22  INFO  tests.TestBase - ******************************************************************
09:51:22  INFO  tests.TestBase - Start test-->>boardCreation5
09:51:22  INFO  manage.MyListener - The element with locator---->By.cssSelector: .boards-page-board-section-list-item
09:51:22  INFO  manage.MyListener - The element with locator---->By.cssSelector: .boards-page-board-section-list-item<---- was found
09:51:22  INFO  manage.MyListener - The element with locator---->By.xpath: //*[contains(@class,'icon-clock')]/../../..//li
09:51:32  INFO  manage.MyListener - The element with locator---->By.xpath: //*[contains(@class,'icon-clock')]/../../..//li<---- was found
09:51:32  INFO  tests.TestBase - Test boardcreation 5testQA32
09:51:32  INFO  manage.MyListener - The element with locator---->By.cssSelector: [data-test-id='header-create-menu-button']
09:51:32  INFO  manage.MyListener - The element with locator---->By.cssSelector: [data-test-id='header-create-menu-button']<---- was found
09:51:32  INFO  manage.MyListener - The element with locator---->By.cssSelector: [aria-label='BoardIcon']
09:51:32  INFO  manage.MyListener - The element with locator---->By.cssSelector: [aria-label='BoardIcon']<---- was found
09:51:32  INFO  manage.MyListener - The element with locator---->By.cssSelector: input[type='text']
09:51:42  INFO  manage.MyListener - We have a 'throwable' element---->no such element: Unable to locate element: {"method":"css selector","selector":"input[type='text']"}
  (Session info: chrome=101.0.4951.54)
For documentation on this error, please visit: https://www.seleniumhq.org/exceptions/no_such_element.html
Build info: version: '3.141.59', revision: 'e82be7d358', time: '2018-11-14T08:17:03'
System info: host: 'desktopirina', ip: '127.0.1.1', os.name: 'Linux', os.arch: 'amd64', os.version: '5.14.0-1034-oem', java.version: '11.0.15'
Driver info: org.openqa.selenium.chrome.ChromeDriver
Capabilities {acceptInsecureCerts: false, browserName: chrome, browserVersion: 101.0.4951.54, chrome: {chromedriverVersion: 101.0.4951.41 (93c720db8323..., userDataDir: /tmp/.com.google.Chrome.GNGG3G}, goog:chromeOptions: {debuggerAddress: localhost:33229}, javascriptEnabled: true, networkConnectionEnabled: false, pageLoadStrategy: normal, platform: LINUX, platformName: LINUX, proxy: Proxy(), setWindowRect: true, strictFileInteractability: false, timeouts: {implicit: 0, pageLoad: 300000, script: 30000}, unhandledPromptBehavior: dismiss and notify, webauthn:extension:credBlob: true, webauthn:extension:largeBlob: true, webauthn:virtualAuthenticators: true}
Session ID: 99e3991ef114ed62129e6d81eea29b28
*** Element info: {Using=css selector, value=input[type='text']}
09:51:42  INFO  manage.MyListener - org.openqa.selenium.NoSuchElementException: no such element: Unable to locate element: {"method":"css selector","selector":"input[type='text']"}
  (Session info: chrome=101.0.4951.54)
For documentation on this error, please visit: https://www.seleniumhq.org/exceptions/no_such_element.html
Build info: version: '3.141.59', revision: 'e82be7d358', time: '2018-11-14T08:17:03'
System info: host: 'desktopirina', ip: '127.0.1.1', os.name: 'Linux', os.arch: 'amd64', os.version: '5.14.0-1034-oem', java.version: '11.0.15'
Driver info: org.openqa.selenium.chrome.ChromeDriver
Capabilities {acceptInsecureCerts: false, browserName: chrome, browserVersion: 101.0.4951.54, chrome: {chromedriverVersion: 101.0.4951.41 (93c720db8323..., userDataDir: /tmp/.com.google.Chrome.GNGG3G}, goog:chromeOptions: {debuggerAddress: localhost:33229}, javascriptEnabled: true, networkConnectionEnabled: false, pageLoadStrategy: normal, platform: LINUX, platformName: LINUX, proxy: Proxy(), setWindowRect: true, strictFileInteractability: false, timeouts: {implicit: 0, pageLoad: 300000, script: 30000}, unhandledPromptBehavior: dismiss and notify, webauthn:extension:credBlob: true, webauthn:extension:largeBlob: true, webauthn:virtualAuthenticators: true}
Session ID: 99e3991ef114ed62129e6d81eea29b28
*** Element info: {Using=css selector, value=input[type='text']}
09:51:43  INFO  tests.TestBase - ******************************************************************
