09:23:41  INFO  manage.ApplicationManager - All tests start in ChromeDriver
09:23:41  INFO  manage.ApplicationManager - Test starts
09:23:50  INFO  tests.TestBase - Start test-->>boardCreation2
09:23:50  INFO  tests.TestBase - Test boradcreation 2TestQa321430
09:23:50  INFO  manage.MyListener - The element with locator---->By.cssSelector: ._1N9LJYg3C9x47Y
09:23:56  INFO  manage.MyListener - The element with locator---->By.cssSelector: ._1N9LJYg3C9x47Y<---- was found
09:23:57  INFO  manage.MyListener - The element with locator---->By.cssSelector: button[data-test-id='header-create-board-button']
09:23:58  INFO  manage.MyListener - The element with locator---->By.cssSelector: button[data-test-id='header-create-board-button']<---- was found
09:23:58  INFO  manage.MyListener - The element with locator---->By.cssSelector: input[type='text']
09:23:58  INFO  manage.MyListener - The element with locator---->By.cssSelector: input[type='text']<---- was found
09:24:00  INFO  manage.MyListener - The element with locator---->By.cssSelector: ._2NEPrwhDnsG_qO._3TTqkG5muwOzqZ._3Ik0JLsERwh6Ui._1Tu9wiuW4Te8Rx
09:24:10  INFO  manage.MyListener - We have a 'throwable' element---->no such element: Unable to locate element: {"method":"css selector","selector":"._2NEPrwhDnsG_qO._3TTqkG5muwOzqZ._3Ik0JLsERwh6Ui._1Tu9wiuW4Te8Rx"}
  (Session info: chrome=101.0.4951.54)
For documentation on this error, please visit: https://www.seleniumhq.org/exceptions/no_such_element.html
Build info: version: '3.141.59', revision: 'e82be7d358', time: '2018-11-14T08:17:03'
System info: host: 'desktopirina', ip: '127.0.1.1', os.name: 'Linux', os.arch: 'amd64', os.version: '5.14.0-1034-oem', java.version: '11.0.15'
Driver info: org.openqa.selenium.chrome.ChromeDriver
Capabilities {acceptInsecureCerts: false, browserName: chrome, browserVersion: 101.0.4951.54, chrome: {chromedriverVersion: 101.0.4951.41 (93c720db8323..., userDataDir: /tmp/.com.google.Chrome.SPFTHH}, goog:chromeOptions: {debuggerAddress: localhost:33163}, javascriptEnabled: true, networkConnectionEnabled: false, pageLoadStrategy: normal, platform: LINUX, platformName: LINUX, proxy: Proxy(), setWindowRect: true, strictFileInteractability: false, timeouts: {implicit: 0, pageLoad: 300000, script: 30000}, unhandledPromptBehavior: dismiss and notify, webauthn:extension:credBlob: true, webauthn:extension:largeBlob: true, webauthn:virtualAuthenticators: true}
Session ID: 3ffab34647c7656a7412709ab2459229
*** Element info: {Using=css selector, value=._2NEPrwhDnsG_qO._3TTqkG5muwOzqZ._3Ik0JLsERwh6Ui._1Tu9wiuW4Te8Rx}
09:24:10  INFO  manage.MyListener - org.openqa.selenium.NoSuchElementException: no such element: Unable to locate element: {"method":"css selector","selector":"._2NEPrwhDnsG_qO._3TTqkG5muwOzqZ._3Ik0JLsERwh6Ui._1Tu9wiuW4Te8Rx"}
  (Session info: chrome=101.0.4951.54)
For documentation on this error, please visit: https://www.seleniumhq.org/exceptions/no_such_element.html
Build info: version: '3.141.59', revision: 'e82be7d358', time: '2018-11-14T08:17:03'
System info: host: 'desktopirina', ip: '127.0.1.1', os.name: 'Linux', os.arch: 'amd64', os.version: '5.14.0-1034-oem', java.version: '11.0.15'
Driver info: org.openqa.selenium.chrome.ChromeDriver
Capabilities {acceptInsecureCerts: false, browserName: chrome, browserVersion: 101.0.4951.54, chrome: {chromedriverVersion: 101.0.4951.41 (93c720db8323..., userDataDir: /tmp/.com.google.Chrome.SPFTHH}, goog:chromeOptions: {debuggerAddress: localhost:33163}, javascriptEnabled: true, networkConnectionEnabled: false, pageLoadStrategy: normal, platform: LINUX, platformName: LINUX, proxy: Proxy(), setWindowRect: true, strictFileInteractability: false, timeouts: {implicit: 0, pageLoad: 300000, script: 30000}, unhandledPromptBehavior: dismiss and notify, webauthn:extension:credBlob: true, webauthn:extension:largeBlob: true, webauthn:virtualAuthenticators: true}
Session ID: 3ffab34647c7656a7412709ab2459229
*** Element info: {Using=css selector, value=._2NEPrwhDnsG_qO._3TTqkG5muwOzqZ._3Ik0JLsERwh6Ui._1Tu9wiuW4Te8Rx}
09:24:11  INFO  tests.TestBase - ******************************************************************
09:24:11  INFO  tests.TestBase - Start test-->>boardCreation3
09:24:11  INFO  manage.MyListener - The element with locator---->By.cssSelector: .boards-page-board-section-list-item
09:24:11  INFO  manage.MyListener - The element with locator---->By.cssSelector: .boards-page-board-section-list-item<---- was found
09:24:11  INFO  manage.MyListener - The element with locator---->By.xpath: //*[contains(@class,'icon-clock')]/../../..//li
09:24:21  INFO  manage.MyListener - The element with locator---->By.xpath: //*[contains(@class,'icon-clock')]/../../..//li<---- was found
09:24:21  INFO  tests.TestBase - Test boradcreation 3test1
09:24:21  INFO  manage.MyListener - The element with locator---->By.cssSelector: ._1N9LJYg3C9x47Y
09:24:21  INFO  manage.MyListener - The element with locator---->By.cssSelector: ._1N9LJYg3C9x47Y<---- was found
09:24:22  INFO  manage.MyListener - The element with locator---->By.cssSelector: button[data-test-id='header-create-board-button']
09:24:32  INFO  manage.MyListener - We have a 'throwable' element---->no such element: Unable to locate element: {"method":"css selector","selector":"button[data-test-id='header-create-board-button']"}
  (Session info: chrome=101.0.4951.54)
For documentation on this error, please visit: https://www.seleniumhq.org/exceptions/no_such_element.html
Build info: version: '3.141.59', revision: 'e82be7d358', time: '2018-11-14T08:17:03'
System info: host: 'desktopirina', ip: '127.0.1.1', os.name: 'Linux', os.arch: 'amd64', os.version: '5.14.0-1034-oem', java.version: '11.0.15'
Driver info: org.openqa.selenium.chrome.ChromeDriver
Capabilities {acceptInsecureCerts: false, browserName: chrome, browserVersion: 101.0.4951.54, chrome: {chromedriverVersion: 101.0.4951.41 (93c720db8323..., userDataDir: /tmp/.com.google.Chrome.SPFTHH}, goog:chromeOptions: {debuggerAddress: localhost:33163}, javascriptEnabled: true, networkConnectionEnabled: false, pageLoadStrategy: normal, platform: LINUX, platformName: LINUX, proxy: Proxy(), setWindowRect: true, strictFileInteractability: false, timeouts: {implicit: 0, pageLoad: 300000, script: 30000}, unhandledPromptBehavior: dismiss and notify, webauthn:extension:credBlob: true, webauthn:extension:largeBlob: true, webauthn:virtualAuthenticators: true}
Session ID: 3ffab34647c7656a7412709ab2459229
*** Element info: {Using=css selector, value=button[data-test-id='header-create-board-button']}
09:24:32  INFO  manage.MyListener - org.openqa.selenium.NoSuchElementException: no such element: Unable to locate element: {"method":"css selector","selector":"button[data-test-id='header-create-board-button']"}
  (Session info: chrome=101.0.4951.54)
For documentation on this error, please visit: https://www.seleniumhq.org/exceptions/no_such_element.html
Build info: version: '3.141.59', revision: 'e82be7d358', time: '2018-11-14T08:17:03'
System info: host: 'desktopirina', ip: '127.0.1.1', os.name: 'Linux', os.arch: 'amd64', os.version: '5.14.0-1034-oem', java.version: '11.0.15'
Driver info: org.openqa.selenium.chrome.ChromeDriver
Capabilities {acceptInsecureCerts: false, browserName: chrome, browserVersion: 101.0.4951.54, chrome: {chromedriverVersion: 101.0.4951.41 (93c720db8323..., userDataDir: /tmp/.com.google.Chrome.SPFTHH}, goog:chromeOptions: {debuggerAddress: localhost:33163}, javascriptEnabled: true, networkConnectionEnabled: false, pageLoadStrategy: normal, platform: LINUX, platformName: LINUX, proxy: Proxy(), setWindowRect: true, strictFileInteractability: false, timeouts: {implicit: 0, pageLoad: 300000, script: 30000}, unhandledPromptBehavior: dismiss and notify, webauthn:extension:credBlob: true, webauthn:extension:largeBlob: true, webauthn:virtualAuthenticators: true}
Session ID: 3ffab34647c7656a7412709ab2459229
*** Element info: {Using=css selector, value=button[data-test-id='header-create-board-button']}
09:24:32  INFO  tests.TestBase - ******************************************************************
09:24:32  INFO  tests.TestBase - Start test-->>boardCreation3
09:24:32  INFO  manage.MyListener - The element with locator---->By.cssSelector: .boards-page-board-section-list-item
09:24:32  INFO  manage.MyListener - The element with locator---->By.cssSelector: .boards-page-board-section-list-item<---- was found
09:24:32  INFO  manage.MyListener - The element with locator---->By.xpath: //*[contains(@class,'icon-clock')]/../../..//li
09:24:42  INFO  manage.MyListener - The element with locator---->By.xpath: //*[contains(@class,'icon-clock')]/../../..//li<---- was found
09:24:42  INFO  tests.TestBase - Test boradcreation 3test2
09:24:42  INFO  manage.MyListener - The element with locator---->By.cssSelector: ._1N9LJYg3C9x47Y
09:24:42  INFO  manage.MyListener - The element with locator---->By.cssSelector: ._1N9LJYg3C9x47Y<---- was found
09:24:42  INFO  manage.MyListener - The element with locator---->By.cssSelector: button[data-test-id='header-create-board-button']
09:24:42  INFO  manage.MyListener - The element with locator---->By.cssSelector: button[data-test-id='header-create-board-button']<---- was found
09:24:45  INFO  manage.MyListener - The element with locator---->By.cssSelector: ._2NEPrwhDnsG_qO._3TTqkG5muwOzqZ._3Ik0JLsERwh6Ui._1Tu9wiuW4Te8Rx
09:24:55  INFO  manage.MyListener - We have a 'throwable' element---->no such element: Unable to locate element: {"method":"css selector","selector":"._2NEPrwhDnsG_qO._3TTqkG5muwOzqZ._3Ik0JLsERwh6Ui._1Tu9wiuW4Te8Rx"}
  (Session info: chrome=101.0.4951.54)
For documentation on this error, please visit: https://www.seleniumhq.org/exceptions/no_such_element.html
Build info: version: '3.141.59', revision: 'e82be7d358', time: '2018-11-14T08:17:03'
System info: host: 'desktopirina', ip: '127.0.1.1', os.name: 'Linux', os.arch: 'amd64', os.version: '5.14.0-1034-oem', java.version: '11.0.15'
Driver info: org.openqa.selenium.chrome.ChromeDriver
Capabilities {acceptInsecureCerts: false, browserName: chrome, browserVersion: 101.0.4951.54, chrome: {chromedriverVersion: 101.0.4951.41 (93c720db8323..., userDataDir: /tmp/.com.google.Chrome.SPFTHH}, goog:chromeOptions: {debuggerAddress: localhost:33163}, javascriptEnabled: true, networkConnectionEnabled: false, pageLoadStrategy: normal, platform: LINUX, platformName: LINUX, proxy: Proxy(), setWindowRect: true, strictFileInteractability: false, timeouts: {implicit: 0, pageLoad: 300000, script: 30000}, unhandledPromptBehavior: dismiss and notify, webauthn:extension:credBlob: true, webauthn:extension:largeBlob: true, webauthn:virtualAuthenticators: true}
Session ID: 3ffab34647c7656a7412709ab2459229
*** Element info: {Using=css selector, value=._2NEPrwhDnsG_qO._3TTqkG5muwOzqZ._3Ik0JLsERwh6Ui._1Tu9wiuW4Te8Rx}
09:24:55  INFO  manage.MyListener - org.openqa.selenium.NoSuchElementException: no such element: Unable to locate element: {"method":"css selector","selector":"._2NEPrwhDnsG_qO._3TTqkG5muwOzqZ._3Ik0JLsERwh6Ui._1Tu9wiuW4Te8Rx"}
  (Session info: chrome=101.0.4951.54)
For documentation on this error, please visit: https://www.seleniumhq.org/exceptions/no_such_element.html
Build info: version: '3.141.59', revision: 'e82be7d358', time: '2018-11-14T08:17:03'
System info: host: 'desktopirina', ip: '127.0.1.1', os.name: 'Linux', os.arch: 'amd64', os.version: '5.14.0-1034-oem', java.version: '11.0.15'
Driver info: org.openqa.selenium.chrome.ChromeDriver
Capabilities {acceptInsecureCerts: false, browserName: chrome, browserVersion: 101.0.4951.54, chrome: {chromedriverVersion: 101.0.4951.41 (93c720db8323..., userDataDir: /tmp/.com.google.Chrome.SPFTHH}, goog:chromeOptions: {debuggerAddress: localhost:33163}, javascriptEnabled: true, networkConnectionEnabled: false, pageLoadStrategy: normal, platform: LINUX, platformName: LINUX, proxy: Proxy(), setWindowRect: true, strictFileInteractability: false, timeouts: {implicit: 0, pageLoad: 300000, script: 30000}, unhandledPromptBehavior: dismiss and notify, webauthn:extension:credBlob: true, webauthn:extension:largeBlob: true, webauthn:virtualAuthenticators: true}
Session ID: 3ffab34647c7656a7412709ab2459229
*** Element info: {Using=css selector, value=._2NEPrwhDnsG_qO._3TTqkG5muwOzqZ._3Ik0JLsERwh6Ui._1Tu9wiuW4Te8Rx}
09:24:55  INFO  tests.TestBase - ******************************************************************
09:24:55  INFO  tests.TestBase - Start test-->>boardCreation3
09:24:55  INFO  manage.MyListener - The element with locator---->By.cssSelector: .boards-page-board-section-list-item
09:24:55  INFO  manage.MyListener - The element with locator---->By.cssSelector: .boards-page-board-section-list-item<---- was found
09:24:55  INFO  manage.MyListener - The element with locator---->By.xpath: //*[contains(@class,'icon-clock')]/../../..//li
09:25:05  INFO  manage.MyListener - The element with locator---->By.xpath: //*[contains(@class,'icon-clock')]/../../..//li<---- was found
09:25:05  INFO  tests.TestBase - Test boradcreation 3test3
09:25:05  INFO  manage.MyListener - The element with locator---->By.cssSelector: ._1N9LJYg3C9x47Y
09:25:05  INFO  manage.MyListener - The element with locator---->By.cssSelector: ._1N9LJYg3C9x47Y<---- was found
09:25:06  INFO  manage.MyListener - The element with locator---->By.cssSelector: button[data-test-id='header-create-board-button']
09:25:16  INFO  manage.MyListener - We have a 'throwable' element---->no such element: Unable to locate element: {"method":"css selector","selector":"button[data-test-id='header-create-board-button']"}
  (Session info: chrome=101.0.4951.54)
For documentation on this error, please visit: https://www.seleniumhq.org/exceptions/no_such_element.html
Build info: version: '3.141.59', revision: 'e82be7d358', time: '2018-11-14T08:17:03'
System info: host: 'desktopirina', ip: '127.0.1.1', os.name: 'Linux', os.arch: 'amd64', os.version: '5.14.0-1034-oem', java.version: '11.0.15'
Driver info: org.openqa.selenium.chrome.ChromeDriver
Capabilities {acceptInsecureCerts: false, browserName: chrome, browserVersion: 101.0.4951.54, chrome: {chromedriverVersion: 101.0.4951.41 (93c720db8323..., userDataDir: /tmp/.com.google.Chrome.SPFTHH}, goog:chromeOptions: {debuggerAddress: localhost:33163}, javascriptEnabled: true, networkConnectionEnabled: false, pageLoadStrategy: normal, platform: LINUX, platformName: LINUX, proxy: Proxy(), setWindowRect: true, strictFileInteractability: false, timeouts: {implicit: 0, pageLoad: 300000, script: 30000}, unhandledPromptBehavior: dismiss and notify, webauthn:extension:credBlob: true, webauthn:extension:largeBlob: true, webauthn:virtualAuthenticators: true}
Session ID: 3ffab34647c7656a7412709ab2459229
*** Element info: {Using=css selector, value=button[data-test-id='header-create-board-button']}
09:25:16  INFO  manage.MyListener - org.openqa.selenium.NoSuchElementException: no such element: Unable to locate element: {"method":"css selector","selector":"button[data-test-id='header-create-board-button']"}
  (Session info: chrome=101.0.4951.54)
For documentation on this error, please visit: https://www.seleniumhq.org/exceptions/no_such_element.html
Build info: version: '3.141.59', revision: 'e82be7d358', time: '2018-11-14T08:17:03'
System info: host: 'desktopirina', ip: '127.0.1.1', os.name: 'Linux', os.arch: 'amd64', os.version: '5.14.0-1034-oem', java.version: '11.0.15'
Driver info: org.openqa.selenium.chrome.ChromeDriver
Capabilities {acceptInsecureCerts: false, browserName: chrome, browserVersion: 101.0.4951.54, chrome: {chromedriverVersion: 101.0.4951.41 (93c720db8323..., userDataDir: /tmp/.com.google.Chrome.SPFTHH}, goog:chromeOptions: {debuggerAddress: localhost:33163}, javascriptEnabled: true, networkConnectionEnabled: false, pageLoadStrategy: normal, platform: LINUX, platformName: LINUX, proxy: Proxy(), setWindowRect: true, strictFileInteractability: false, timeouts: {implicit: 0, pageLoad: 300000, script: 30000}, unhandledPromptBehavior: dismiss and notify, webauthn:extension:credBlob: true, webauthn:extension:largeBlob: true, webauthn:virtualAuthenticators: true}
Session ID: 3ffab34647c7656a7412709ab2459229
*** Element info: {Using=css selector, value=button[data-test-id='header-create-board-button']}
09:25:16  INFO  tests.TestBase - ******************************************************************
09:25:16  INFO  tests.TestBase - Start test-->>boardCreation4
09:25:16  INFO  manage.MyListener - The element with locator---->By.cssSelector: .boards-page-board-section-list-item
09:25:16  INFO  manage.MyListener - The element with locator---->By.cssSelector: .boards-page-board-section-list-item<---- was found
09:25:16  INFO  manage.MyListener - The element with locator---->By.xpath: //*[contains(@class,'icon-clock')]/../../..//li
09:25:26  INFO  manage.MyListener - The element with locator---->By.xpath: //*[contains(@class,'icon-clock')]/../../..//li<---- was found
09:25:26  INFO  tests.TestBase - Test boardcreation 4testQA32
09:25:26  INFO  manage.MyListener - The element with locator---->By.cssSelector: ._1N9LJYg3C9x47Y
09:25:26  INFO  manage.MyListener - The element with locator---->By.cssSelector: ._1N9LJYg3C9x47Y<---- was found
09:25:27  INFO  manage.MyListener - The element with locator---->By.cssSelector: button[data-test-id='header-create-board-button']
09:25:27  INFO  manage.MyListener - The element with locator---->By.cssSelector: button[data-test-id='header-create-board-button']<---- was found
09:25:27  INFO  manage.MyListener - The element with locator---->By.cssSelector: input[type='text']
09:25:27  INFO  manage.MyListener - The element with locator---->By.cssSelector: input[type='text']<---- was found
09:25:29  INFO  manage.MyListener - The element with locator---->By.cssSelector: ._2NEPrwhDnsG_qO._3TTqkG5muwOzqZ._3Ik0JLsERwh6Ui._1Tu9wiuW4Te8Rx
09:25:39  INFO  manage.MyListener - We have a 'throwable' element---->no such element: Unable to locate element: {"method":"css selector","selector":"._2NEPrwhDnsG_qO._3TTqkG5muwOzqZ._3Ik0JLsERwh6Ui._1Tu9wiuW4Te8Rx"}
  (Session info: chrome=101.0.4951.54)
For documentation on this error, please visit: https://www.seleniumhq.org/exceptions/no_such_element.html
Build info: version: '3.141.59', revision: 'e82be7d358', time: '2018-11-14T08:17:03'
System info: host: 'desktopirina', ip: '127.0.1.1', os.name: 'Linux', os.arch: 'amd64', os.version: '5.14.0-1034-oem', java.version: '11.0.15'
Driver info: org.openqa.selenium.chrome.ChromeDriver
Capabilities {acceptInsecureCerts: false, browserName: chrome, browserVersion: 101.0.4951.54, chrome: {chromedriverVersion: 101.0.4951.41 (93c720db8323..., userDataDir: /tmp/.com.google.Chrome.SPFTHH}, goog:chromeOptions: {debuggerAddress: localhost:33163}, javascriptEnabled: true, networkConnectionEnabled: false, pageLoadStrategy: normal, platform: LINUX, platformName: LINUX, proxy: Proxy(), setWindowRect: true, strictFileInteractability: false, timeouts: {implicit: 0, pageLoad: 300000, script: 30000}, unhandledPromptBehavior: dismiss and notify, webauthn:extension:credBlob: true, webauthn:extension:largeBlob: true, webauthn:virtualAuthenticators: true}
Session ID: 3ffab34647c7656a7412709ab2459229
*** Element info: {Using=css selector, value=._2NEPrwhDnsG_qO._3TTqkG5muwOzqZ._3Ik0JLsERwh6Ui._1Tu9wiuW4Te8Rx}
09:25:39  INFO  manage.MyListener - org.openqa.selenium.NoSuchElementException: no such element: Unable to locate element: {"method":"css selector","selector":"._2NEPrwhDnsG_qO._3TTqkG5muwOzqZ._3Ik0JLsERwh6Ui._1Tu9wiuW4Te8Rx"}
  (Session info: chrome=101.0.4951.54)
For documentation on this error, please visit: https://www.seleniumhq.org/exceptions/no_such_element.html
Build info: version: '3.141.59', revision: 'e82be7d358', time: '2018-11-14T08:17:03'
System info: host: 'desktopirina', ip: '127.0.1.1', os.name: 'Linux', os.arch: 'amd64', os.version: '5.14.0-1034-oem', java.version: '11.0.15'
Driver info: org.openqa.selenium.chrome.ChromeDriver
Capabilities {acceptInsecureCerts: false, browserName: chrome, browserVersion: 101.0.4951.54, chrome: {chromedriverVersion: 101.0.4951.41 (93c720db8323..., userDataDir: /tmp/.com.google.Chrome.SPFTHH}, goog:chromeOptions: {debuggerAddress: localhost:33163}, javascriptEnabled: true, networkConnectionEnabled: false, pageLoadStrategy: normal, platform: LINUX, platformName: LINUX, proxy: Proxy(), setWindowRect: true, strictFileInteractability: false, timeouts: {implicit: 0, pageLoad: 300000, script: 30000}, unhandledPromptBehavior: dismiss and notify, webauthn:extension:credBlob: true, webauthn:extension:largeBlob: true, webauthn:virtualAuthenticators: true}
Session ID: 3ffab34647c7656a7412709ab2459229
*** Element info: {Using=css selector, value=._2NEPrwhDnsG_qO._3TTqkG5muwOzqZ._3Ik0JLsERwh6Ui._1Tu9wiuW4Te8Rx}
09:25:39  INFO  tests.TestBase - ******************************************************************
09:25:39  INFO  tests.TestBase - Start test-->>boardCreation5
09:25:39  INFO  manage.MyListener - The element with locator---->By.cssSelector: .boards-page-board-section-list-item
09:25:39  INFO  manage.MyListener - The element with locator---->By.cssSelector: .boards-page-board-section-list-item<---- was found
09:25:39  INFO  manage.MyListener - The element with locator---->By.xpath: //*[contains(@class,'icon-clock')]/../../..//li
09:25:49  INFO  manage.MyListener - The element with locator---->By.xpath: //*[contains(@class,'icon-clock')]/../../..//li<---- was found
09:25:49  INFO  tests.TestBase - Test boardcreation 5testQA32
09:25:49  INFO  manage.MyListener - The element with locator---->By.cssSelector: ._1N9LJYg3C9x47Y
09:25:49  INFO  manage.MyListener - The element with locator---->By.cssSelector: ._1N9LJYg3C9x47Y<---- was found
09:25:50  INFO  manage.MyListener - The element with locator---->By.cssSelector: button[data-test-id='header-create-board-button']
09:26:00  INFO  manage.MyListener - We have a 'throwable' element---->no such element: Unable to locate element: {"method":"css selector","selector":"button[data-test-id='header-create-board-button']"}
  (Session info: chrome=101.0.4951.54)
For documentation on this error, please visit: https://www.seleniumhq.org/exceptions/no_such_element.html
Build info: version: '3.141.59', revision: 'e82be7d358', time: '2018-11-14T08:17:03'
System info: host: 'desktopirina', ip: '127.0.1.1', os.name: 'Linux', os.arch: 'amd64', os.version: '5.14.0-1034-oem', java.version: '11.0.15'
Driver info: org.openqa.selenium.chrome.ChromeDriver
Capabilities {acceptInsecureCerts: false, browserName: chrome, browserVersion: 101.0.4951.54, chrome: {chromedriverVersion: 101.0.4951.41 (93c720db8323..., userDataDir: /tmp/.com.google.Chrome.SPFTHH}, goog:chromeOptions: {debuggerAddress: localhost:33163}, javascriptEnabled: true, networkConnectionEnabled: false, pageLoadStrategy: normal, platform: LINUX, platformName: LINUX, proxy: Proxy(), setWindowRect: true, strictFileInteractability: false, timeouts: {implicit: 0, pageLoad: 300000, script: 30000}, unhandledPromptBehavior: dismiss and notify, webauthn:extension:credBlob: true, webauthn:extension:largeBlob: true, webauthn:virtualAuthenticators: true}
Session ID: 3ffab34647c7656a7412709ab2459229
*** Element info: {Using=css selector, value=button[data-test-id='header-create-board-button']}
09:26:00  INFO  manage.MyListener - org.openqa.selenium.NoSuchElementException: no such element: Unable to locate element: {"method":"css selector","selector":"button[data-test-id='header-create-board-button']"}
  (Session info: chrome=101.0.4951.54)
For documentation on this error, please visit: https://www.seleniumhq.org/exceptions/no_such_element.html
Build info: version: '3.141.59', revision: 'e82be7d358', time: '2018-11-14T08:17:03'
System info: host: 'desktopirina', ip: '127.0.1.1', os.name: 'Linux', os.arch: 'amd64', os.version: '5.14.0-1034-oem', java.version: '11.0.15'
Driver info: org.openqa.selenium.chrome.ChromeDriver
Capabilities {acceptInsecureCerts: false, browserName: chrome, browserVersion: 101.0.4951.54, chrome: {chromedriverVersion: 101.0.4951.41 (93c720db8323..., userDataDir: /tmp/.com.google.Chrome.SPFTHH}, goog:chromeOptions: {debuggerAddress: localhost:33163}, javascriptEnabled: true, networkConnectionEnabled: false, pageLoadStrategy: normal, platform: LINUX, platformName: LINUX, proxy: Proxy(), setWindowRect: true, strictFileInteractability: false, timeouts: {implicit: 0, pageLoad: 300000, script: 30000}, unhandledPromptBehavior: dismiss and notify, webauthn:extension:credBlob: true, webauthn:extension:largeBlob: true, webauthn:virtualAuthenticators: true}
Session ID: 3ffab34647c7656a7412709ab2459229
*** Element info: {Using=css selector, value=button[data-test-id='header-create-board-button']}
09:26:00  INFO  tests.TestBase - ******************************************************************
